#
# There is insufficient memory for the Java Runtime Environment to continue.
# Native memory allocation (mmap) failed to map 268435456 bytes for G1 virtual space
# Possible reasons:
#   The system is out of physical RAM or swap space
#   The process is running with CompressedOops enabled, and the Java Heap may be blocking the growth of the native heap
# Possible solutions:
#   Reduce memory load on the system
#   Increase physical memory or swap space
#   Check if swap backing store is full
#   Decrease Java heap size (-Xmx/-Xms)
#   Decrease number of Java threads
#   Decrease Java thread stack sizes (-Xss)
#   Set larger code cache with -XX:ReservedCodeCacheSize=
#   JVM is running with Zero Based Compressed Oops mode in which the Java heap is
#     placed in the first 32GB address space. The Java Heap base address is the
#     maximum limit for the native heap growth. Please use -XX:HeapBaseMinAddress
#     to set the Java Heap base and to place the Java Heap above 32GB virtual address.
# This output file may be truncated or incomplete.
#
#  Out of Memory Error (os_windows.cpp:3550), pid=16416, tid=23332
#
# JRE version:  (17.0.7+8) (build )
# Java VM: Java HotSpot(TM) 64-Bit Server VM (17.0.7+8-LTS-224, mixed mode, emulated-client, sharing, tiered, compressed oops, compressed class ptrs, g1 gc, windows-amd64)
# No core dump will be written. Minidumps are not enabled by default on client versions of Windows
#

---------------  S U M M A R Y ------------

Command Line: -XX:TieredStopAtLevel=1 -Dspring.output.ansi.enabled=always -Dcom.sun.management.jmxremote -Dspring.jmx.enabled=true -Dspring.liveBeansView.mbeanDomain -Dspring.application.admin.enabled=true -Dmanagement.endpoints.jmx.exposure.include=* -javaagent:C:\Program Files\JetBrains\IntelliJ IDEA 2023.1\lib\idea_rt.jar=11502:C:\Program Files\JetBrains\IntelliJ IDEA 2023.1\bin -Dfile.encoding=UTF-8 com.example.P1B.P1B1Application

Host: AMD Ryzen 7 4800H with Radeon Graphics         , 16 cores, 15G,  Windows 10 , 64 bit Build 19041 (10.0.19041.292)
Time: Wed Jul 19 14:38:11 2023  Windows 10 , 64 bit Build 19041 (10.0.19041.292) elapsed time: 0.009080 seconds (0d 0h 0m 0s)

---------------  T H R E A D  ---------------

Current thread (0x0000022935e74f70):  JavaThread "Unknown thread" [_thread_in_vm, id=23332, stack(0x000000ab6da00000,0x000000ab6db00000)]

Stack: [0x000000ab6da00000,0x000000ab6db00000]
Native frames: (J=compiled Java code, j=interpreted, Vv=VM code, C=native code)
V  [jvm.dll+0x676a4a]
V  [jvm.dll+0x7d74f4]
V  [jvm.dll+0x7d8c9e]
V  [jvm.dll+0x7d9303]
V  [jvm.dll+0x2452c5]
V  [jvm.dll+0x6738f9]
V  [jvm.dll+0x668232]
V  [jvm.dll+0x302826]
V  [jvm.dll+0x309da6]
V  [jvm.dll+0x35952e]
V  [jvm.dll+0x35975f]
V  [jvm.dll+0x2d9a38]
V  [jvm.dll+0x2da9a4]
V  [jvm.dll+0x7a8fb1]
V  [jvm.dll+0x3670e1]
V  [jvm.dll+0x788359]
V  [jvm.dll+0x3ea5ef]
V  [jvm.dll+0x3ec071]
C  [jli.dll+0x5297]
C  [ucrtbase.dll+0x21542]
C  [KERNEL32.DLL+0x16fd4]
C  [ntdll.dll+0x4cec1]


---------------  P R O C E S S  ---------------

Threads class SMR info:
_java_thread_list=0x00007ffed76a4998, length=0, elements={
}

Java Threads: ( => current thread )

Other Threads:
  0x0000022935ee2c00 GCTaskThread "GC Thread#0" [stack: 0x000000ab6db00000,0x000000ab6dc00000] [id=24628]
  0x0000022935ef5a20 ConcurrentGCThread "G1 Main Marker" [stack: 0x000000ab6dc00000,0x000000ab6dd00000] [id=23916]
  0x0000022935ef6430 ConcurrentGCThread "G1 Conc#0" [stack: 0x000000ab6dd00000,0x000000ab6de00000] [id=17548]

[error occurred during error reporting (printing all threads), id 0xc0000005, EXCEPTION_ACCESS_VIOLATION (0xc0000005) at pc=0x00007ffed6eda697]

VM state: not at safepoint (not fully initialized)

VM Mutex/Monitor currently owned by a thread:  ([mutex/lock_event])
[0x0000022935e70870] Heap_lock - owner thread: 0x0000022935e74f70

Heap address: 0x0000000701400000, size: 4076 MB, Compressed Oops mode: Zero based, Oop shift amount: 3

CDS archive(s) mapped at: [0x0000000000000000-0x0000000000000000-0x0000000000000000), size 0, SharedBaseAddress: 0x0000000800000000, ArchiveRelocationMode: 0.
Narrow klass base: 0x0000000000000000, Narrow klass shift: 0, Narrow klass range: 0x0

GC Precious Log:
<Empty>

Heap:
 garbage-first heap   total 0K, used 0K [0x0000000701400000, 0x0000000800000000)
  region size 2048K, 0 young (0K), 0 survivors (0K)

[error occurred during error reporting (printing heap information), id 0xc0000005, EXCEPTION_ACCESS_VIOLATION (0xc0000005) at pc=0x00007ffed72c00b9]

GC Heap History (0 events):
No events

Deoptimization events (0 events):
No events

Classes unloaded (0 events):
No events

Classes redefined (0 events):
No events

Internal exceptions (0 events):
No events

VM Operations (0 events):
No events

Events (1 events):
Event: 0.006 Loaded shared library C:\Program Files\Java\jdk-17\bin\java.dll


Dynamic libraries:
0x00007ff679fa0000 - 0x00007ff679fb0000 	C:\Program Files\Java\jdk-17\bin\java.exe
0x00007fff20070000 - 0x00007fff20264000 	C:\Windows\SYSTEM32\ntdll.dll
0x00007fff1e3c0000 - 0x00007fff1e47d000 	C:\Windows\System32\KERNEL32.DLL
0x00007fff1dad0000 - 0x00007fff1dd97000 	C:\Windows\System32\KERNELBASE.dll
0x00007fff1deb0000 - 0x00007fff1dfb0000 	C:\Windows\System32\ucrtbase.dll
0x00007ffef94f0000 - 0x00007ffef950b000 	C:\Program Files\Java\jdk-17\bin\VCRUNTIME140.dll
0x00007ffef8a20000 - 0x00007ffef8a39000 	C:\Program Files\Java\jdk-17\bin\jli.dll
0x00007fff1e2f0000 - 0x00007fff1e39a000 	C:\Windows\System32\ADVAPI32.dll
0x00007fff1eb30000 - 0x00007fff1ebce000 	C:\Windows\System32\msvcrt.dll
0x00007fff1f210000 - 0x00007fff1f2ab000 	C:\Windows\System32\sechost.dll
0x00007fff1e980000 - 0x00007fff1eaa3000 	C:\Windows\System32\RPCRT4.dll
0x00007fff1ebf0000 - 0x00007fff1ed90000 	C:\Windows\System32\USER32.dll
0x00007fff1e060000 - 0x00007fff1e082000 	C:\Windows\System32\win32u.dll
0x00007fff06cb0000 - 0x00007fff06f4a000 	C:\Windows\WinSxS\amd64_microsoft.windows.common-controls_6595b64144ccf1df_6.0.19041.1_none_b555e41d4684ddec\COMCTL32.dll
0x00007fff1ffa0000 - 0x00007fff1ffca000 	C:\Windows\System32\GDI32.dll
0x00007fff1d7c0000 - 0x00007fff1d8ca000 	C:\Windows\System32\gdi32full.dll
0x00007fff1d8d0000 - 0x00007fff1d96d000 	C:\Windows\System32\msvcp_win.dll
0x00007fff17860000 - 0x00007fff1786a000 	C:\Windows\SYSTEM32\VERSION.dll
0x00007fff1f360000 - 0x00007fff1f390000 	C:\Windows\System32\IMM32.DLL
0x00007ffef8a10000 - 0x00007ffef8a1c000 	C:\Program Files\Java\jdk-17\bin\vcruntime140_1.dll
0x00007ffef8980000 - 0x00007ffef8a0e000 	C:\Program Files\Java\jdk-17\bin\msvcp140.dll
0x00007ffed6bf0000 - 0x00007ffed77cd000 	C:\Program Files\Java\jdk-17\bin\server\jvm.dll
0x00007fff1f200000 - 0x00007fff1f208000 	C:\Windows\System32\PSAPI.DLL
0x00007ffefcea0000 - 0x00007ffefcea9000 	C:\Windows\SYSTEM32\WSOCK32.dll
0x00007fff0c4e0000 - 0x00007fff0c507000 	C:\Windows\SYSTEM32\WINMM.dll
0x00007fff1e8b0000 - 0x00007fff1e91b000 	C:\Windows\System32\WS2_32.dll
0x00007fff1b750000 - 0x00007fff1b763000 	C:\Windows\SYSTEM32\kernel.appcore.dll
0x00007ffef8970000 - 0x00007ffef897a000 	C:\Program Files\Java\jdk-17\bin\jimage.dll
0x00007fff08a60000 - 0x00007fff08c44000 	C:\Windows\SYSTEM32\DBGHELP.DLL
0x00007fff00770000 - 0x00007fff0079c000 	C:\Windows\SYSTEM32\dbgcore.DLL
0x00007fff1dfb0000 - 0x00007fff1e02f000 	C:\Windows\System32\bcryptPrimitives.dll
0x00007ffefd010000 - 0x00007ffefd01e000 	C:\Program Files\Java\jdk-17\bin\instrument.dll
0x00007ffef8940000 - 0x00007ffef8965000 	C:\Program Files\Java\jdk-17\bin\java.dll

dbghelp: loaded successfully - version: 4.0.5 - missing functions: none
symbol engine: initialized successfully - sym options: 0x614 - pdb path: .;C:\Program Files\Java\jdk-17\bin;C:\Windows\SYSTEM32;C:\Windows\WinSxS\amd64_microsoft.windows.common-controls_6595b64144ccf1df_6.0.19041.1_none_b555e41d4684ddec;C:\Program Files\Java\jdk-17\bin\server

VM Arguments:
jvm_args: -XX:TieredStopAtLevel=1 -Dspring.output.ansi.enabled=always -Dcom.sun.management.jmxremote -Dspring.jmx.enabled=true -Dspring.liveBeansView.mbeanDomain -Dspring.application.admin.enabled=true -Dmanagement.endpoints.jmx.exposure.include=* -javaagent:C:\Program Files\JetBrains\IntelliJ IDEA 2023.1\lib\idea_rt.jar=11502:C:\Program Files\JetBrains\IntelliJ IDEA 2023.1\bin -Dfile.encoding=UTF-8 
java_command: com.example.P1B.P1B1Application
java_class_path (initial): C:\Users\Administrator\IdeaProjects\P1B\out\production\classes;C:\Users\Administrator\IdeaProjects\P1B\out\production\resources;C:\Users\Administrator\.gradle\caches\modules-2\files-2.1\org.projectlombok\lombok\1.18.28\a2ff5da8bcd8b1b26f36b806ced63213362c6dcc\lombok-1.18.28.jar;C:\Users\Administrator\.gradle\caches\modules-2\files-2.1\org.springframework.boot\spring-boot-starter-data-jpa\3.1.1\f129ea070d7d7152c984189301dc751be45f9a38\spring-boot-starter-data-jpa-3.1.1.jar;C:\Users\Administrator\.gradle\caches\modules-2\files-2.1\org.springframework.boot\spring-boot-starter-security\3.1.1\f793cb8804e6f00916673a7754284dadc0b4502c\spring-boot-starter-security-3.1.1.jar;C:\Users\Administrator\.gradle\caches\modules-2\files-2.1\org.springframework.boot\spring-boot-starter-thymeleaf\3.1.1\69e351b19ee4fa37ff7cb851354498a880b5a937\spring-boot-starter-thymeleaf-3.1.1.jar;C:\Users\Administrator\.gradle\caches\modules-2\files-2.1\org.springframework.boot\spring-boot-starter-web\3.1.1\f2c2d9e35430e4b4a98ad91780bb9b2d1deec08\spring-boot-starter-web-3.1.1.jar;C:\Users\Administrator\.gradle\caches\modules-2\files-2.1\org.thymeleaf.extras\thymeleaf-extras-springsecurity6\3.1.1.RELEASE\af922bd525aa914b70723f3b19adefd09c49bb3b\thymeleaf-extras-springsecurity6-3.1.1.RELEASE.jar;C:\Users\Administrator\.gradle\caches\modules-2\files-2.1\javax.persistence\javax.persistence-api\2.2\25665ac8c0b62f50e6488173233239120fc52c96\javax.persistence-api-2.2.jar;C:\Users\Administrator\.gradle\caches\modules-2\files-2.1\org.springframework.boot\spring-boot-starter-aop\3.1.1\f72362878ded668b8c3a12f8465ced98ef3fb188\spring-boot-starter-aop-3.1.1.jar;C:\Users\Administrator\.gradle\caches\modules-2\files-2.1\org.springframework.boot\spring-boot-starter-jdbc\3.1.1\8e6bdc511fc9ade17c09fcc20a0f6a44fa39a876\spring-boot-starter-jdbc-3.1.1.jar;C:\Users\Administrator\.gradle\caches\modules-2\files-2.1\org.hibernate.orm\hibernate-core\6.2.5.Final\3c0d24dd2f66920aeeee666779ca7391f20bc
Launcher Type: SUN_STANDARD

[Global flags]
     intx CICompilerCount                          = 12                                        {product} {ergonomic}
     uint ConcGCThreads                            = 3                                         {product} {ergonomic}
     uint G1ConcRefinementThreads                  = 13                                        {product} {ergonomic}
   size_t G1HeapRegionSize                         = 2097152                                   {product} {ergonomic}
    uintx GCDrainStackTargetSize                   = 64                                        {product} {ergonomic}
   size_t InitialHeapSize                          = 268435456                                 {product} {ergonomic}
     bool ManagementServer                         = true                                      {product} {command line}
   size_t MarkStackSize                            = 4194304                                   {product} {ergonomic}
   size_t MaxHeapSize                              = 4273995776                                {product} {ergonomic}
   size_t MinHeapDeltaBytes                        = 2097152                                   {product} {ergonomic}
   size_t MinHeapSize                              = 8388608                                   {product} {ergonomic}
    uintx NonProfiledCodeHeapSize                  = 0                                      {pd product} {ergonomic}
     bool ProfileInterpreter                       = false                                  {pd product} {command line}
    uintx ProfiledCodeHeapSize                     = 0                                      {pd product} {ergonomic}
   size_t SoftMaxHeapSize                          = 4273995776                             {manageable} {ergonomic}
     intx TieredStopAtLevel                        = 1                                         {product} {command line}
     bool UseCompressedClassPointers               = true                           {product lp64_product} {ergonomic}
     bool UseCompressedOops                        = true                           {product lp64_product} {ergonomic}
     bool UseG1GC                                  = true                                      {product} {ergonomic}
     bool UseLargePagesIndividualAllocation        = false                                  {pd product} {ergonomic}

Logging:
Log output configuration:
 #0: stdout all=warning uptime,level,tags
 #1: stderr all=off uptime,level,tags

Environment Variables:
PATH=C:\Program Files\Common Files\Oracle\Java\javapath;C:\Windows\system32;C:\Windows;C:\Windows\System32\Wbem;C:\Windows\System32\WindowsPowerShell\v1.0\;C:\Windows\System32\OpenSSH\;C:\Program Files\dotnet\;C:\Program Files (x86)\NVIDIA Corporation\PhysX\Common;C:\Program Files\Bandizip\;C:\Program Files\Git\cmd;C:\Users\Administrator\AppData\Local\Microsoft\WindowsApps;C:\Program Files\JetBrains\IntelliJ IDEA 2023.1\bin;;C:\Program Files\JetBrains\PyCharm 2023.1\bin;;C:\Program Files\JetBrains\WebStorm 2023.1\bin;;C:\Program Files\JetBrains\DataGrip 2023.1\bin;;C:\Users\Administrator\AppData\Local\GitHubDesktop\bin
USERNAME=Administrator
OS=Windows_NT
PROCESSOR_IDENTIFIER=AMD64 Family 23 Model 96 Stepping 1, AuthenticAMD



---------------  S Y S T E M  ---------------

OS:
 Windows 10 , 64 bit Build 19041 (10.0.19041.292)
OS uptime: 0 days 5:05 hours

CPU: total 16 (initial active 16) (16 cores per cpu, 2 threads per core) family 23 model 96 stepping 1 microcode 0x0, cx8, cmov, fxsr, ht, mmx, 3dnowpref, sse, sse2, sse3, ssse3, sse4a, sse4.1, sse4.2, popcnt, lzcnt, tsc, tscinvbit, avx, avx2, aes, clmul, bmi1, bmi2, adx, sha, fma, vzeroupper, clflush, clflushopt

Memory: 4k page, system-wide physical 16302M (549M free)
TotalPageFile size 49070M (AvailPageFile size 157M)
current process WorkingSet (physical memory assigned to process): 10M, peak: 10M
current process commit charge ("private bytes"): 65M, peak: 321M

vm_info: Java HotSpot(TM) 64-Bit Server VM (17.0.7+8-LTS-224) for windows-amd64 JRE (17.0.7+8-LTS-224), built on Feb 28 2023 23:03:02 by "mach5one" with MS VC++ 17.1 (VS2022)

END.
